<?xml version="1.0" encoding="UTF-8"?>
<testsuites name="Mocha Tests" time="7.544" tests="1" failures="1">
  <testsuite name="Root Suite" timestamp="2023-01-17T12:07:59" tests="0" file="cypress/integration/triger.js" time="0.000" failures="0">
  </testsuite>
  <testsuite name="E2E - Skrolowanie / Najechanie" timestamp="2023-01-17T12:08:00" tests="1" time="7.422" failures="1">
    <testcase name="E2E - Skrolowanie / Najechanie Najechanie na dany element" time="0.000" classname="Najechanie na dany element">
      <failure message="Timed out retrying after 4000ms: Expected to find element: `div.A-NCMf a[href=&quot;/odziez-damska-sukienki/&quot;]`, but never found it." type="AssertionError"><![CDATA[AssertionError: Timed out retrying after 4000ms: Expected to find element: `div.A-NCMf a[href="/odziez-damska-sukienki/"]`, but never found it.
    at Context.eval (https://www.zalando.pl/__cypress/tests?p=cypress\integration\triger.js:109:8)]]></failure>
    </testcase>
  </testsuite>
</testsuites>